[    1097ms] [INFO] %cDownload the React DevTools for a better development experience: https://reactjs.org/link/react-devtools font-weight:bold @ https://probable-xylophone-jjv5v6vv7rgvc54pj-9000.app.github.dev/app/@fs/workspaces/Techhub/medusa/node_modules/.vite/deps/chunk-ILO4JA4Q.js?v=2b824b2c:21550
[    1261ms] [LOG] i18next: languageChanged en @ https://probable-xylophone-jjv5v6vv7rgvc54pj-9000.app.github.dev/app/@fs/workspaces/Techhub/medusa/node_modules/.vite/deps/chunk-GLTDJFD4.js?v=2b824b2c:13
[    1261ms] [LOG] i18next: initialized {debug: true, initImmediate: true, ns: Array(1), defaultNS: Array(1), fallbackLng: Array(1)} @ https://probable-xylophone-jjv5v6vv7rgvc54pj-9000.app.github.dev/app/@fs/workspaces/Techhub/medusa/node_modules/.vite/deps/chunk-GLTDJFD4.js?v=2b824b2c:13
[    1306ms] [WARNING] ⚠️ React Router Future Flag Warning: React Router will begin wrapping state updates in `React.startTransition` in v7. You can use the `v7_startTransition` future flag to opt-in early. For more information, see https://reactrouter.com/v6/upgrading/future#v7_starttransition. @ https://probable-xylophone-jjv5v6vv7rgvc54pj-9000.app.github.dev/app/@fs/workspaces/Techhub/medusa/node_modules/.vite/deps/chunk-QIRIRUAY.js?v=2b824b2c:4435
[    1594ms] Error: useLocation() may be used only in the context of a <Router> component.
    at invariant (https://probable-xylophone-jjv5v6vv7rgvc54pj-9000.app.github.dev/app/@fs/workspaces/Techhub/medusa/node_modules/.vite/deps/chunk-HPFDLHSL.js?v=2b824b2c:32:11)
    at useLocation (https://probable-xylophone-jjv5v6vv7rgvc54pj-9000.app.github.dev/app/@fs/workspaces/Techhub/medusa/node_modules/.vite/deps/chunk-HPFDLHSL.js?v=2b824b2c:541:34)
    at useSearchParams (https://probable-xylophone-jjv5v6vv7rgvc54pj-9000.app.github.dev/app/@fs/workspaces/Techhub/medusa/node_modules/.vite/deps/chunk-HPFDLHSL.js?v=2b824b2c:1550:18)
    at AnalyticsPage (https://probable-xylophone-jjv5v6vv7rgvc54pj-9000.app.github.dev/app/@fs/workspaces/Techhub/medusa/node_modules/.vite/deps/@agilo_medusa-analytics-plugin_admin.js?v=2b824b2c:74909:43)
    at renderWithHooks (https://probable-xylophone-jjv5v6vv7rgvc54pj-9000.app.github.dev/app/@fs/workspaces/Techhub/medusa/node_modules/.vite/deps/chunk-ILO4JA4Q.js?v=2b824b2c:11548:26)
    at mountIndeterminateComponent (https://probable-xylophone-jjv5v6vv7rgvc54pj-9000.app.github.dev/app/@fs/workspaces/Techhub/medusa/node_modules/.vite/deps/chunk-ILO4JA4Q.js?v=2b824b2c:14926:21)
    at beginWork (https://probable-xylophone-jjv5v6vv7rgvc54pj-9000.app.github.dev/app/@fs/workspaces/Techhub/medusa/node_modules/.vite/deps/chunk-ILO4JA4Q.js?v=2b824b2c:15914:22)
    at HTMLUnknownElement.callCallback2 (https://probable-xylophone-jjv5v6vv7rgvc54pj-9000.app.github.dev/app/@fs/workspaces/Techhub/medusa/node_modules/.vite/deps/chunk-ILO4JA4Q.js?v=2b824b2c:3674:22)
    at Object.invokeGuardedCallbackDev (https://probable-xylophone-jjv5v6vv7rgvc54pj-9000.app.github.dev/app/@fs/workspaces/Techhub/medusa/node_modules/.vite/deps/chunk-ILO4JA4Q.js?v=2b824b2c:3699:24)
    at invokeGuardedCallback (https://probable-xylophone-jjv5v6vv7rgvc54pj-9000.app.github.dev/app/@fs/workspaces/Techhub/medusa/node_modules/.vite/deps/chunk-ILO4JA4Q.js?v=2b824b2c:3733:39)
[    1596ms] [ERROR] Error: useLocation() may be used only in the context of a <Router> component.
    at invariant (https://probable-xylophone-jjv5v6vv7rgvc54pj-9000.app.github.dev/app/@fs/workspaces/Techhub/medusa/node_modules/.vite/deps/chunk-HPFDLHSL.js?v=2b824b2c:32:11)
    at useLocation (https://probable-xylophone-jjv5v6vv7rgvc54pj-9000.app.github.dev/app/@fs/workspaces/Techhub/medusa/node_modules/.vite/deps/chunk-HPFDLHSL.js?v=2b824b2c:541:34)
    at useSearchParams (https://probable-xylophone-jjv5v6vv7rgvc54pj-9000.app.github.dev/app/@fs/workspaces/Techhub/medusa/node_modules/.vite/deps/chunk-HPFDLHSL.js?v=2b824b2c:1550:18)
    at AnalyticsPage (https://probable-xylophone-jjv5v6vv7rgvc54pj-9000.app.github.dev/app/@fs/workspaces/Techhub/medusa/node_modules/.vite/deps/@agilo_medusa-analytics-plugin_admin.js?v=2b824b2c:74909:43)
    at renderWithHooks (https://probable-xylophone-jjv5v6vv7rgvc54pj-9000.app.github.dev/app/@fs/workspaces/Techhub/medusa/node_modules/.vite/deps/chunk-ILO4JA4Q.js?v=2b824b2c:11548:26)
    at mountIndeterminateComponent (https://probable-xylophone-jjv5v6vv7rgvc54pj-9000.app.github.dev/app/@fs/workspaces/Techhub/medusa/node_modules/.vite/deps/chunk-ILO4JA4Q.js?v=2b824b2c:14926:21)
    at beginWork (https://probable-xylophone-jjv5v6vv7rgvc54pj-9000.app.github.dev/app/@fs/workspaces/Techhub/medusa/node_modules/.vite/deps/chunk-ILO4JA4Q.js?v=2b824b2c:15914:22)
    at beginWork$1 (https://probable-xylophone-jjv5v6vv7rgvc54pj-9000.app.github.dev/app/@fs/workspaces/Techhub/medusa/node_modules/.vite/deps/chunk-ILO4JA4Q.js?v=2b824b2c:19753:22)
    at performUnitOfWork (https://probable-xylophone-jjv5v6vv7rgvc54pj-9000.app.github.dev/app/@fs/workspaces/Techhub/medusa/node_modules/.vite/deps/chunk-ILO4JA4Q.js?v=2b824b2c:19198:20)
    at workLoopSync (https://probable-xylophone-jjv5v6vv7rgvc54pj-9000.app.github.dev/app/@fs/workspaces/Techhub/medusa/node_modules/.vite/deps/chunk-ILO4JA4Q.js?v=2b824b2c:19137:13) @ https://probable-xylophone-jjv5v6vv7rgvc54pj-9000.app.github.dev/app/@fs/workspaces/Techhub/medusa/node_modules/.vite/deps/chunk-2A54Q4BJ.js?v=2b824b2c:96219
[    1597ms] [ERROR] Error: useLocation() may be used only in the context of a <Router> component.
    at invariant (https://probable-xylophone-jjv5v6vv7rgvc54pj-9000.app.github.dev/app/@fs/workspaces/Techhub/medusa/node_modules/.vite/deps/chunk-HPFDLHSL.js?v=2b824b2c:32:11)
    at useLocation (https://probable-xylophone-jjv5v6vv7rgvc54pj-9000.app.github.dev/app/@fs/workspaces/Techhub/medusa/node_modules/.vite/deps/chunk-HPFDLHSL.js?v=2b824b2c:541:34)
    at useSearchParams (https://probable-xylophone-jjv5v6vv7rgvc54pj-9000.app.github.dev/app/@fs/workspaces/Techhub/medusa/node_modules/.vite/deps/chunk-HPFDLHSL.js?v=2b824b2c:1550:18)
    at AnalyticsPage (https://probable-xylophone-jjv5v6vv7rgvc54pj-9000.app.github.dev/app/@fs/workspaces/Techhub/medusa/node_modules/.vite/deps/@agilo_medusa-analytics-plugin_admin.js?v=2b824b2c:74909:43)
    at renderWithHooks (https://probable-xylophone-jjv5v6vv7rgvc54pj-9000.app.github.dev/app/@fs/workspaces/Techhub/medusa/node_modules/.vite/deps/chunk-ILO4JA4Q.js?v=2b824b2c:11548:26)
    at mountIndeterminateComponent (https://probable-xylophone-jjv5v6vv7rgvc54pj-9000.app.github.dev/app/@fs/workspaces/Techhub/medusa/node_modules/.vite/deps/chunk-ILO4JA4Q.js?v=2b824b2c:14926:21)
    at beginWork (https://probable-xylophone-jjv5v6vv7rgvc54pj-9000.app.github.dev/app/@fs/workspaces/Techhub/medusa/node_modules/.vite/deps/chunk-ILO4JA4Q.js?v=2b824b2c:15914:22)
    at beginWork$1 (https://probable-xylophone-jjv5v6vv7rgvc54pj-9000.app.github.dev/app/@fs/workspaces/Techhub/medusa/node_modules/.vite/deps/chunk-ILO4JA4Q.js?v=2b824b2c:19753:22)
    at performUnitOfWork (https://probable-xylophone-jjv5v6vv7rgvc54pj-9000.app.github.dev/app/@fs/workspaces/Techhub/medusa/node_modules/.vite/deps/chunk-ILO4JA4Q.js?v=2b824b2c:19198:20)
    at workLoopSync (https://probable-xylophone-jjv5v6vv7rgvc54pj-9000.app.github.dev/app/@fs/workspaces/Techhub/medusa/node_modules/.vite/deps/chunk-ILO4JA4Q.js?v=2b824b2c:19137:13) @ https://probable-xylophone-jjv5v6vv7rgvc54pj-9000.app.github.dev/app/@fs/workspaces/Techhub/medusa/node_modules/.vite/deps/chunk-2A54Q4BJ.js?v=2b824b2c:96219
[    1634ms] Error: useLocation() may be used only in the context of a <Router> component.
    at invariant (https://probable-xylophone-jjv5v6vv7rgvc54pj-9000.app.github.dev/app/@fs/workspaces/Techhub/medusa/node_modules/.vite/deps/chunk-HPFDLHSL.js?v=2b824b2c:32:11)
    at useLocation (https://probable-xylophone-jjv5v6vv7rgvc54pj-9000.app.github.dev/app/@fs/workspaces/Techhub/medusa/node_modules/.vite/deps/chunk-HPFDLHSL.js?v=2b824b2c:541:34)
    at useSearchParams (https://probable-xylophone-jjv5v6vv7rgvc54pj-9000.app.github.dev/app/@fs/workspaces/Techhub/medusa/node_modules/.vite/deps/chunk-HPFDLHSL.js?v=2b824b2c:1550:18)
    at AnalyticsPage (https://probable-xylophone-jjv5v6vv7rgvc54pj-9000.app.github.dev/app/@fs/workspaces/Techhub/medusa/node_modules/.vite/deps/@agilo_medusa-analytics-plugin_admin.js?v=2b824b2c:74909:43)
    at renderWithHooks (https://probable-xylophone-jjv5v6vv7rgvc54pj-9000.app.github.dev/app/@fs/workspaces/Techhub/medusa/node_modules/.vite/deps/chunk-ILO4JA4Q.js?v=2b824b2c:11548:26)
    at mountIndeterminateComponent (https://probable-xylophone-jjv5v6vv7rgvc54pj-9000.app.github.dev/app/@fs/workspaces/Techhub/medusa/node_modules/.vite/deps/chunk-ILO4JA4Q.js?v=2b824b2c:14926:21)
    at beginWork (https://probable-xylophone-jjv5v6vv7rgvc54pj-9000.app.github.dev/app/@fs/workspaces/Techhub/medusa/node_modules/.vite/deps/chunk-ILO4JA4Q.js?v=2b824b2c:15914:22)
    at HTMLUnknownElement.callCallback2 (https://probable-xylophone-jjv5v6vv7rgvc54pj-9000.app.github.dev/app/@fs/workspaces/Techhub/medusa/node_modules/.vite/deps/chunk-ILO4JA4Q.js?v=2b824b2c:3674:22)
    at Object.invokeGuardedCallbackDev (https://probable-xylophone-jjv5v6vv7rgvc54pj-9000.app.github.dev/app/@fs/workspaces/Techhub/medusa/node_modules/.vite/deps/chunk-ILO4JA4Q.js?v=2b824b2c:3699:24)
    at invokeGuardedCallback (https://probable-xylophone-jjv5v6vv7rgvc54pj-9000.app.github.dev/app/@fs/workspaces/Techhub/medusa/node_modules/.vite/deps/chunk-ILO4JA4Q.js?v=2b824b2c:3733:39)
[    1632ms] [ERROR] Error: useLocation() may be used only in the context of a <Router> component.
    at invariant (https://probable-xylophone-jjv5v6vv7rgvc54pj-9000.app.github.dev/app/@fs/workspaces/Techhub/medusa/node_modules/.vite/deps/chunk-HPFDLHSL.js?v=2b824b2c:32:11)
    at useLocation (https://probable-xylophone-jjv5v6vv7rgvc54pj-9000.app.github.dev/app/@fs/workspaces/Techhub/medusa/node_modules/.vite/deps/chunk-HPFDLHSL.js?v=2b824b2c:541:34)
    at useSearchParams (https://probable-xylophone-jjv5v6vv7rgvc54pj-9000.app.github.dev/app/@fs/workspaces/Techhub/medusa/node_modules/.vite/deps/chunk-HPFDLHSL.js?v=2b824b2c:1550:18)
    at AnalyticsPage (https://probable-xylophone-jjv5v6vv7rgvc54pj-9000.app.github.dev/app/@fs/workspaces/Techhub/medusa/node_modules/.vite/deps/@agilo_medusa-analytics-plugin_admin.js?v=2b824b2c:74909:43)
    at renderWithHooks (https://probable-xylophone-jjv5v6vv7rgvc54pj-9000.app.github.dev/app/@fs/workspaces/Techhub/medusa/node_modules/.vite/deps/chunk-ILO4JA4Q.js?v=2b824b2c:11548:26)
    at mountIndeterminateComponent (https://probable-xylophone-jjv5v6vv7rgvc54pj-9000.app.github.dev/app/@fs/workspaces/Techhub/medusa/node_modules/.vite/deps/chunk-ILO4JA4Q.js?v=2b824b2c:14926:21)
    at beginWork (https://probable-xylophone-jjv5v6vv7rgvc54pj-9000.app.github.dev/app/@fs/workspaces/Techhub/medusa/node_modules/.vite/deps/chunk-ILO4JA4Q.js?v=2b824b2c:15914:22)
    at beginWork$1 (https://probable-xylophone-jjv5v6vv7rgvc54pj-9000.app.github.dev/app/@fs/workspaces/Techhub/medusa/node_modules/.vite/deps/chunk-ILO4JA4Q.js?v=2b824b2c:19753:22)
    at performUnitOfWork (https://probable-xylophone-jjv5v6vv7rgvc54pj-9000.app.github.dev/app/@fs/workspaces/Techhub/medusa/node_modules/.vite/deps/chunk-ILO4JA4Q.js?v=2b824b2c:19198:20)
    at workLoopSync (https://probable-xylophone-jjv5v6vv7rgvc54pj-9000.app.github.dev/app/@fs/workspaces/Techhub/medusa/node_modules/.vite/deps/chunk-ILO4JA4Q.js?v=2b824b2c:19137:13) @ https://probable-xylophone-jjv5v6vv7rgvc54pj-9000.app.github.dev/app/@fs/workspaces/Techhub/medusa/node_modules/.vite/deps/chunk-2A54Q4BJ.js?v=2b824b2c:96219
[    1632ms] [ERROR] Error: useLocation() may be used only in the context of a <Router> component.
    at invariant (https://probable-xylophone-jjv5v6vv7rgvc54pj-9000.app.github.dev/app/@fs/workspaces/Techhub/medusa/node_modules/.vite/deps/chunk-HPFDLHSL.js?v=2b824b2c:32:11)
    at useLocation (https://probable-xylophone-jjv5v6vv7rgvc54pj-9000.app.github.dev/app/@fs/workspaces/Techhub/medusa/node_modules/.vite/deps/chunk-HPFDLHSL.js?v=2b824b2c:541:34)
    at useSearchParams (https://probable-xylophone-jjv5v6vv7rgvc54pj-9000.app.github.dev/app/@fs/workspaces/Techhub/medusa/node_modules/.vite/deps/chunk-HPFDLHSL.js?v=2b824b2c:1550:18)
    at AnalyticsPage (https://probable-xylophone-jjv5v6vv7rgvc54pj-9000.app.github.dev/app/@fs/workspaces/Techhub/medusa/node_modules/.vite/deps/@agilo_medusa-analytics-plugin_admin.js?v=2b824b2c:74909:43)
    at renderWithHooks (https://probable-xylophone-jjv5v6vv7rgvc54pj-9000.app.github.dev/app/@fs/workspaces/Techhub/medusa/node_modules/.vite/deps/chunk-ILO4JA4Q.js?v=2b824b2c:11548:26)
    at mountIndeterminateComponent (https://probable-xylophone-jjv5v6vv7rgvc54pj-9000.app.github.dev/app/@fs/workspaces/Techhub/medusa/node_modules/.vite/deps/chunk-ILO4JA4Q.js?v=2b824b2c:14926:21)
    at beginWork (https://probable-xylophone-jjv5v6vv7rgvc54pj-9000.app.github.dev/app/@fs/workspaces/Techhub/medusa/node_modules/.vite/deps/chunk-ILO4JA4Q.js?v=2b824b2c:15914:22)
    at beginWork$1 (https://probable-xylophone-jjv5v6vv7rgvc54pj-9000.app.github.dev/app/@fs/workspaces/Techhub/medusa/node_modules/.vite/deps/chunk-ILO4JA4Q.js?v=2b824b2c:19753:22)
    at performUnitOfWork (https://probable-xylophone-jjv5v6vv7rgvc54pj-9000.app.github.dev/app/@fs/workspaces/Techhub/medusa/node_modules/.vite/deps/chunk-ILO4JA4Q.js?v=2b824b2c:19198:20)
    at workLoopSync (https://probable-xylophone-jjv5v6vv7rgvc54pj-9000.app.github.dev/app/@fs/workspaces/Techhub/medusa/node_modules/.vite/deps/chunk-ILO4JA4Q.js?v=2b824b2c:19137:13) @ https://probable-xylophone-jjv5v6vv7rgvc54pj-9000.app.github.dev/app/@fs/workspaces/Techhub/medusa/node_modules/.vite/deps/chunk-2A54Q4BJ.js?v=2b824b2c:96219
[    1651ms] [ERROR] The above error occurred in the <AnalyticsPage> component:

    at AnalyticsPage (https://probable-xylophone-jjv5v6vv7rgvc54pj-9000.app.github.dev/app/@fs/workspaces/Techhub/medusa/node_modules/.vite/deps/@agilo_medusa-analytics-plugin_admin.js?v=2b824b2c:74909:43)
    at RenderedRoute (https://probable-xylophone-jjv5v6vv7rgvc54pj-9000.app.github.dev/app/@fs/workspaces/Techhub/medusa/node_modules/.vite/deps/chunk-QIRIRUAY.js?v=2b824b2c:4131:5)
    at RenderErrorBoundary (https://probable-xylophone-jjv5v6vv7rgvc54pj-9000.app.github.dev/app/@fs/workspaces/Techhub/medusa/node_modules/.vite/deps/chunk-QIRIRUAY.js?v=2b824b2c:4091:5)
    at RenderedRoute (https://probable-xylophone-jjv5v6vv7rgvc54pj-9000.app.github.dev/app/@fs/workspaces/Techhub/medusa/node_modules/.vite/deps/chunk-QIRIRUAY.js?v=2b824b2c:4131:5)
    at Outlet (https://probable-xylophone-jjv5v6vv7rgvc54pj-9000.app.github.dev/app/@fs/workspaces/Techhub/medusa/node_modules/.vite/deps/chunk-QIRIRUAY.js?v=2b824b2c:4537:26)
    at div
    at Gutter (https://probable-xylophone-jjv5v6vv7rgvc54pj-9000.app.github.dev/app/@fs/workspaces/Techhub/medusa/node_modules/.vite/deps/chunk-2A54Q4BJ.js?v=2b824b2c:95339:17)
    at main
    at div
    at div
    at KeybindProvider (https://probable-xylophone-jjv5v6vv7rgvc54pj-9000.app.github.dev/app/@fs/workspaces/Techhub/medusa/node_modules/.vite/deps/chunk-2A54Q4BJ.js?v=2b824b2c:95096:3)
    at Shell (https://probable-xylophone-jjv5v6vv7rgvc54pj-9000.app.github.dev/app/@fs/workspaces/Techhub/medusa/node_modules/.vite/deps/chunk-2A54Q4BJ.js?v=2b824b2c:95295:16)
    at MainLayout
    at RenderedRoute (https://probable-xylophone-jjv5v6vv7rgvc54pj-9000.app.github.dev/app/@fs/workspaces/Techhub/medusa/node_modules/.vite/deps/chunk-QIRIRUAY.js?v=2b824b2c:4131:5)
    at Outlet (https://probable-xylophone-jjv5v6vv7rgvc54pj-9000.app.github.dev/app/@fs/workspaces/Techhub/medusa/node_modules/.vite/deps/chunk-QIRIRUAY.js?v=2b824b2c:4537:26)
    at SearchProvider (https://probable-xylophone-jjv5v6vv7rgvc54pj-9000.app.github.dev/app/@fs/workspaces/Techhub/medusa/node_modules/.vite/deps/chunk-2A54Q4BJ.js?v=2b824b2c:94883:25)
    at SidebarProvider (https://probable-xylophone-jjv5v6vv7rgvc54pj-9000.app.github.dev/app/@fs/workspaces/Techhub/medusa/node_modules/.vite/deps/chunk-2A54Q4BJ.js?v=2b824b2c:94859:26)
    at ProtectedRoute (https://probable-xylophone-jjv5v6vv7rgvc54pj-9000.app.github.dev/app/@fs/workspaces/Techhub/medusa/node_modules/.vite/deps/chunk-2A54Q4BJ.js?v=2b824b2c:94927:31)
    at RenderedRoute (https://probable-xylophone-jjv5v6vv7rgvc54pj-9000.app.github.dev/app/@fs/workspaces/Techhub/medusa/node_modules/.vite/deps/chunk-QIRIRUAY.js?v=2b824b2c:4131:5)
    at RenderErrorBoundary (https://probable-xylophone-jjv5v6vv7rgvc54pj-9000.app.github.dev/app/@fs/workspaces/Techhub/medusa/node_modules/.vite/deps/chunk-QIRIRUAY.js?v=2b824b2c:4091:5)
    at DataRoutes (https://probable-xylophone-jjv5v6vv7rgvc54pj-9000.app.github.dev/app/@fs/workspaces/Techhub/medusa/node_modules/.vite/deps/chunk-QIRIRUAY.js?v=2b824b2c:5282:5)
    at Router (https://probable-xylophone-jjv5v6vv7rgvc54pj-9000.app.github.dev/app/@fs/workspaces/Techhub/medusa/node_modules/.vite/deps/chunk-QIRIRUAY.js?v=2b824b2c:4544:15)
    at RouterProvider (https://probable-xylophone-jjv5v6vv7rgvc54pj-9000.app.github.dev/app/@fs/workspaces/Techhub/medusa/node_modules/.vite/deps/chunk-QIRIRUAY.js?v=2b824b2c:5096:5)
    at $2eb8e6d23f3d0cb0$var$I18nProviderWithLocale (https://probable-xylophone-jjv5v6vv7rgvc54pj-9000.app.github.dev/app/@fs/workspaces/Techhub/medusa/node_modules/.vite/deps/chunk-CN26N7GH.js?v=2b824b2c:53980:9)
    at $2eb8e6d23f3d0cb0$export$a54013f0d02a8f82 (https://probable-xylophone-jjv5v6vv7rgvc54pj-9000.app.github.dev/app/@fs/workspaces/Techhub/medusa/node_modules/.vite/deps/chunk-CN26N7GH.js?v=2b824b2c:53999:9)
    at I18nProvider
    at I18nProvider2 (https://probable-xylophone-jjv5v6vv7rgvc54pj-9000.app.github.dev/app/@fs/workspaces/Techhub/medusa/node_modules/.vite/deps/chunk-2A54Q4BJ.js?v=2b824b2c:727:24)
    at FeatureFlagProvider (https://probable-xylophone-jjv5v6vv7rgvc54pj-9000.app.github.dev/app/@fs/workspaces/Techhub/medusa/node_modules/.vite/deps/chunk-ACSIFYHC.js?v=2b824b2c:46:30)
    at ThemeProvider (https://probable-xylophone-jjv5v6vv7rgvc54pj-9000.app.github.dev/app/@fs/workspaces/Techhub/medusa/node_modules/.vite/deps/chunk-2A54Q4BJ.js?v=2b824b2c:755:24)
    at QueryClientProvider (https://probable-xylophone-jjv5v6vv7rgvc54pj-9000.app.github.dev/app/@fs/workspaces/Techhub/medusa/node_modules/.vite/deps/chunk-44XT2E74.js?v=2b824b2c:2528:3)
    at _a (https://probable-xylophone-jjv5v6vv7rgvc54pj-9000.app.github.dev/app/@fs/workspaces/Techhub/medusa/node_modules/.vite/deps/chunk-2A54Q4BJ.js?v=2b824b2c:673:5)
    at ExtensionProvider (https://probable-xylophone-jjv5v6vv7rgvc54pj-9000.app.github.dev/app/@fs/workspaces/Techhub/medusa/node_modules/.vite/deps/chunk-4DACX2QJ.js?v=2b824b2c:26:3)
    at Provider2 (https://probable-xylophone-jjv5v6vv7rgvc54pj-9000.app.github.dev/app/@fs/workspaces/Techhub/medusa/node_modules/.vite/deps/chunk-CN26N7GH.js?v=2b824b2c:31964:15)
    at TooltipProvider (https://probable-xylophone-jjv5v6vv7rgvc54pj-9000.app.github.dev/app/@fs/workspaces/Techhub/medusa/node_modules/.vite/deps/chunk-CN26N7GH.js?v=2b824b2c:45056:5)
    at TooltipProvider2 (https://probable-xylophone-jjv5v6vv7rgvc54pj-9000.app.github.dev/app/@fs/workspaces/Techhub/medusa/node_modules/.vite/deps/chunk-CN26N7GH.js?v=2b824b2c:46100:27)
    at Providers (https://probable-xylophone-jjv5v6vv7rgvc54pj-9000.app.github.dev/app/@fs/workspaces/Techhub/medusa/node_modules/.vite/deps/chunk-2A54Q4BJ.js?v=2b824b2c:796:20)
    at div
    at App (https://probable-xylophone-jjv5v6vv7rgvc54pj-9000.app.github.dev/app/@fs/workspaces/Techhub/medusa/node_modules/.vite/deps/@medusajs_dashboard.js?v=2b824b2c:97:16)

React will try to recreate this component tree from scratch using the error boundary you provided, RenderErrorBoundary. @ https://probable-xylophone-jjv5v6vv7rgvc54pj-9000.app.github.dev/app/@fs/workspaces/Techhub/medusa/node_modules/.vite/deps/chunk-ILO4JA4Q.js?v=2b824b2c:14031
[    1651ms] [ERROR] React Router caught the following error during render Error: useLocation() may be used only in the context of a <Router> component.
    at invariant (https://probable-xylophone-jjv5v6vv7rgvc54pj-9000.app.github.dev/app/@fs/workspaces/Techhub/medusa/node_modules/.vite/deps/chunk-HPFDLHSL.js?v=2b824b2c:32:11)
    at useLocation (https://probable-xylophone-jjv5v6vv7rgvc54pj-9000.app.github.dev/app/@fs/workspaces/Techhub/medusa/node_modules/.vite/deps/chunk-HPFDLHSL.js?v=2b824b2c:541:34)
    at useSearchParams (https://probable-xylophone-jjv5v6vv7rgvc54pj-9000.app.github.dev/app/@fs/workspaces/Techhub/medusa/node_modules/.vite/deps/chunk-HPFDLHSL.js?v=2b824b2c:1550:18)
    at AnalyticsPage (https://probable-xylophone-jjv5v6vv7rgvc54pj-9000.app.github.dev/app/@fs/workspaces/Techhub/medusa/node_modules/.vite/deps/@agilo_medusa-analytics-plugin_admin.js?v=2b824b2c:74909:43)
    at renderWithHooks (https://probable-xylophone-jjv5v6vv7rgvc54pj-9000.app.github.dev/app/@fs/workspaces/Techhub/medusa/node_modules/.vite/deps/chunk-ILO4JA4Q.js?v=2b824b2c:11548:26)
    at mountIndeterminateComponent (https://probable-xylophone-jjv5v6vv7rgvc54pj-9000.app.github.dev/app/@fs/workspaces/Techhub/medusa/node_modules/.vite/deps/chunk-ILO4JA4Q.js?v=2b824b2c:14926:21)
    at beginWork (https://probable-xylophone-jjv5v6vv7rgvc54pj-9000.app.github.dev/app/@fs/workspaces/Techhub/medusa/node_modules/.vite/deps/chunk-ILO4JA4Q.js?v=2b824b2c:15914:22)
    at beginWork$1 (https://probable-xylophone-jjv5v6vv7rgvc54pj-9000.app.github.dev/app/@fs/workspaces/Techhub/medusa/node_modules/.vite/deps/chunk-ILO4JA4Q.js?v=2b824b2c:19753:22)
    at performUnitOfWork (https://probable-xylophone-jjv5v6vv7rgvc54pj-9000.app.github.dev/app/@fs/workspaces/Techhub/medusa/node_modules/.vite/deps/chunk-ILO4JA4Q.js?v=2b824b2c:19198:20)
    at workLoopSync (https://probable-xylophone-jjv5v6vv7rgvc54pj-9000.app.github.dev/app/@fs/workspaces/Techhub/medusa/node_modules/.vite/deps/chunk-ILO4JA4Q.js?v=2b824b2c:19137:13) {componentStack: 
    at AnalyticsPage (https://probable-xylophone-…ite/deps/@medusajs_dashboard.js?v=2b824b2c:97:16)} @ https://probable-xylophone-jjv5v6vv7rgvc54pj-9000.app.github.dev/app/@fs/workspaces/Techhub/medusa/node_modules/.vite/deps/chunk-QIRIRUAY.js?v=2b824b2c:4117
[    1750ms] [ERROR] Error: useLocation() may be used only in the context of a <Router> component.
    at invariant (https://probable-xylophone-jjv5v6vv7rgvc54pj-9000.app.github.dev/app/@fs/workspaces/Techhub/medusa/node_modules/.vite/deps/chunk-HPFDLHSL.js?v=2b824b2c:32:11)
    at useLocation (https://probable-xylophone-jjv5v6vv7rgvc54pj-9000.app.github.dev/app/@fs/workspaces/Techhub/medusa/node_modules/.vite/deps/chunk-HPFDLHSL.js?v=2b824b2c:541:34)
    at useSearchParams (https://probable-xylophone-jjv5v6vv7rgvc54pj-9000.app.github.dev/app/@fs/workspaces/Techhub/medusa/node_modules/.vite/deps/chunk-HPFDLHSL.js?v=2b824b2c:1550:18)
    at AnalyticsPage (https://probable-xylophone-jjv5v6vv7rgvc54pj-9000.app.github.dev/app/@fs/workspaces/Techhub/medusa/node_modules/.vite/deps/@agilo_medusa-analytics-plugin_admin.js?v=2b824b2c:74909:43)
    at renderWithHooks (https://probable-xylophone-jjv5v6vv7rgvc54pj-9000.app.github.dev/app/@fs/workspaces/Techhub/medusa/node_modules/.vite/deps/chunk-ILO4JA4Q.js?v=2b824b2c:11548:26)
    at mountIndeterminateComponent (https://probable-xylophone-jjv5v6vv7rgvc54pj-9000.app.github.dev/app/@fs/workspaces/Techhub/medusa/node_modules/.vite/deps/chunk-ILO4JA4Q.js?v=2b824b2c:14926:21)
    at beginWork (https://probable-xylophone-jjv5v6vv7rgvc54pj-9000.app.github.dev/app/@fs/workspaces/Techhub/medusa/node_modules/.vite/deps/chunk-ILO4JA4Q.js?v=2b824b2c:15914:22)
    at beginWork$1 (https://probable-xylophone-jjv5v6vv7rgvc54pj-9000.app.github.dev/app/@fs/workspaces/Techhub/medusa/node_modules/.vite/deps/chunk-ILO4JA4Q.js?v=2b824b2c:19753:22)
    at performUnitOfWork (https://probable-xylophone-jjv5v6vv7rgvc54pj-9000.app.github.dev/app/@fs/workspaces/Techhub/medusa/node_modules/.vite/deps/chunk-ILO4JA4Q.js?v=2b824b2c:19198:20)
    at workLoopSync (https://probable-xylophone-jjv5v6vv7rgvc54pj-9000.app.github.dev/app/@fs/workspaces/Techhub/medusa/node_modules/.vite/deps/chunk-ILO4JA4Q.js?v=2b824b2c:19137:13) @ https://probable-xylophone-jjv5v6vv7rgvc54pj-9000.app.github.dev/app/@fs/workspaces/Techhub/medusa/node_modules/.vite/deps/chunk-2A54Q4BJ.js?v=2b824b2c:96219
[    1751ms] [ERROR] Error: useLocation() may be used only in the context of a <Router> component.
    at invariant (https://probable-xylophone-jjv5v6vv7rgvc54pj-9000.app.github.dev/app/@fs/workspaces/Techhub/medusa/node_modules/.vite/deps/chunk-HPFDLHSL.js?v=2b824b2c:32:11)
    at useLocation (https://probable-xylophone-jjv5v6vv7rgvc54pj-9000.app.github.dev/app/@fs/workspaces/Techhub/medusa/node_modules/.vite/deps/chunk-HPFDLHSL.js?v=2b824b2c:541:34)
    at useSearchParams (https://probable-xylophone-jjv5v6vv7rgvc54pj-9000.app.github.dev/app/@fs/workspaces/Techhub/medusa/node_modules/.vite/deps/chunk-HPFDLHSL.js?v=2b824b2c:1550:18)
    at AnalyticsPage (https://probable-xylophone-jjv5v6vv7rgvc54pj-9000.app.github.dev/app/@fs/workspaces/Techhub/medusa/node_modules/.vite/deps/@agilo_medusa-analytics-plugin_admin.js?v=2b824b2c:74909:43)
    at renderWithHooks (https://probable-xylophone-jjv5v6vv7rgvc54pj-9000.app.github.dev/app/@fs/workspaces/Techhub/medusa/node_modules/.vite/deps/chunk-ILO4JA4Q.js?v=2b824b2c:11548:26)
    at mountIndeterminateComponent (https://probable-xylophone-jjv5v6vv7rgvc54pj-9000.app.github.dev/app/@fs/workspaces/Techhub/medusa/node_modules/.vite/deps/chunk-ILO4JA4Q.js?v=2b824b2c:14926:21)
    at beginWork (https://probable-xylophone-jjv5v6vv7rgvc54pj-9000.app.github.dev/app/@fs/workspaces/Techhub/medusa/node_modules/.vite/deps/chunk-ILO4JA4Q.js?v=2b824b2c:15914:22)
    at beginWork$1 (https://probable-xylophone-jjv5v6vv7rgvc54pj-9000.app.github.dev/app/@fs/workspaces/Techhub/medusa/node_modules/.vite/deps/chunk-ILO4JA4Q.js?v=2b824b2c:19753:22)
    at performUnitOfWork (https://probable-xylophone-jjv5v6vv7rgvc54pj-9000.app.github.dev/app/@fs/workspaces/Techhub/medusa/node_modules/.vite/deps/chunk-ILO4JA4Q.js?v=2b824b2c:19198:20)
    at workLoopSync (https://probable-xylophone-jjv5v6vv7rgvc54pj-9000.app.github.dev/app/@fs/workspaces/Techhub/medusa/node_modules/.vite/deps/chunk-ILO4JA4Q.js?v=2b824b2c:19137:13) @ https://probable-xylophone-jjv5v6vv7rgvc54pj-9000.app.github.dev/app/@fs/workspaces/Techhub/medusa/node_modules/.vite/deps/chunk-2A54Q4BJ.js?v=2b824b2c:96219
[  135174ms] [ERROR] WebSocket connection to 'wss://probable-xylophone-jjv5v6vv7rgvc54pj-9000.app.github.dev:42287/app/?token=W9eapaWwRKkg' failed: Error in connection establishment: net::ERR_CONNECTION_TIMED_OUT @ https://probable-xylophone-jjv5v6vv7rgvc54pj-9000.app.github.dev/app/@vite/client:535
[  135174ms] [LOG] [vite] server connection lost. Polling for restart... @ https://probable-xylophone-jjv5v6vv7rgvc54pj-9000.app.github.dev/app/@vite/client:559
[  243086ms] [ERROR] Failed to load resource: the server responded with a status of 502 () @ https://probable-xylophone-jjv5v6vv7rgvc54pj-9000.app.github.dev/admin/notifications?limit=1&offset=0&fields=created_at:0
[  244376ms] [ERROR] Failed to load resource: the server responded with a status of 502 () @ https://probable-xylophone-jjv5v6vv7rgvc54pj-9000.app.github.dev/admin/notifications?limit=1&offset=0&fields=created_at:0
[  270343ms] [ERROR] Failed to load resource: net::ERR_CONNECTION_TIMED_OUT @ https://probable-xylophone-jjv5v6vv7rgvc54pj-9000.app.github.dev:42287/app/:0
