[    4496ms] [ERROR] Failed to load resource: net::ERR_CONNECTION_REFUSED @ http://localhost:35257/app/:0
[    5499ms] [ERROR] Failed to load resource: net::ERR_CONNECTION_REFUSED @ http://localhost:35257/app/:0
[    6500ms] [ERROR] Failed to load resource: net::ERR_CONNECTION_REFUSED @ http://localhost:35257/app/:0
[    7502ms] [ERROR] Failed to load resource: net::ERR_CONNECTION_REFUSED @ http://localhost:35257/app/:0
[    8504ms] [ERROR] Failed to load resource: net::ERR_CONNECTION_REFUSED @ http://localhost:35257/app/:0
[    9508ms] [ERROR] Failed to load resource: net::ERR_CONNECTION_REFUSED @ http://localhost:35257/app/:0
[   10515ms] [ERROR] Failed to load resource: net::ERR_CONNECTION_REFUSED @ http://localhost:35257/app/:0
[   11520ms] [ERROR] Failed to load resource: net::ERR_CONNECTION_REFUSED @ http://localhost:35257/app/:0
[   12524ms] [ERROR] Failed to load resource: net::ERR_CONNECTION_REFUSED @ http://localhost:35257/app/:0
[   13531ms] [ERROR] Failed to load resource: net::ERR_CONNECTION_REFUSED @ http://localhost:35257/app/:0
[   14553ms] [ERROR] Failed to load resource: net::ERR_CONNECTION_REFUSED @ http://localhost:35257/app/:0
[   15565ms] [ERROR] Failed to load resource: net::ERR_CONNECTION_REFUSED @ http://localhost:35257/app/:0
[   16567ms] [ERROR] Failed to load resource: net::ERR_CONNECTION_REFUSED @ http://localhost:35257/app/:0
[   17570ms] [ERROR] Failed to load resource: net::ERR_CONNECTION_REFUSED @ http://localhost:35257/app/:0
[   18578ms] [ERROR] Failed to load resource: net::ERR_CONNECTION_REFUSED @ http://localhost:35257/app/:0
[   19583ms] [ERROR] Failed to load resource: net::ERR_CONNECTION_REFUSED @ http://localhost:35257/app/:0
[   20587ms] [ERROR] Failed to load resource: net::ERR_CONNECTION_REFUSED @ http://localhost:35257/app/:0
[  119186ms] [LOG] [vite] server connection lost. Polling for restart... @ http://localhost:9000/app/@vite/client:559
[  120904ms] [ERROR] Failed to load resource: net::ERR_CONNECTION_REFUSED @ http://localhost:9000/app/@fs/workspaces/Techhub/medusa/node_modules/.vite/deps/@medusajs_icons.js?v=a2cd644a:0
[  121104ms] [ERROR] Failed to load resource: net::ERR_CONNECTION_REFUSED @ http://localhost:9000/app/@fs/workspaces/Techhub/medusa/node_modules/.vite/deps/react-dropzone.js?v=72c7ff51:0
[  121104ms] [ERROR] Failed to load resource: net::ERR_CONNECTION_REFUSED @ http://localhost:9000/app/@fs/workspaces/Techhub/medusa/node_modules/.vite/deps/react-hook-form.js?v=33a1a7dc:0
[  121104ms] [ERROR] Failed to load resource: net::ERR_CONNECTION_REFUSED @ http://localhost:9000/app/@fs/workspaces/Techhub/medusa/node_modules/.vite/deps/@medusajs_admin-shared.js?v=494e3c32:0
[  121104ms] [ERROR] Failed to load resource: net::ERR_CONNECTION_REFUSED @ http://localhost:9000/app/@fs/workspaces/Techhub/medusa/node_modules/.vite/deps/@medusajs_admin-sdk.js?v=78232f11:0
[  121105ms] [ERROR] Failed to load resource: net::ERR_CONNECTION_REFUSED @ http://localhost:9000/app/@fs/workspaces/Techhub/medusa/node_modules/.vite/deps/@hookform_resolvers_zod.js?v=7a719fea:0
[  121105ms] [ERROR] Failed to load resource: net::ERR_CONNECTION_REFUSED @ http://localhost:9000/app/@fs/workspaces/Techhub/medusa/node_modules/.vite/deps/zod.js?v=09acce02:0
[  121105ms] [ERROR] Failed to load resource: net::ERR_CONNECTION_REFUSED @ http://localhost:9000/app/@fs/workspaces/Techhub/medusa/src/admin/hooks/images.ts:0
[  122665ms] [ERROR] Failed to load resource: net::ERR_CONNECTION_REFUSED @ http://localhost:45065/app/:0
[  124049ms] [ERROR] Failed to load resource: net::ERR_CONNECTION_REFUSED @ http://localhost:45065/app/:0
[  125055ms] [ERROR] Failed to load resource: net::ERR_CONNECTION_REFUSED @ http://localhost:45065/app/:0
[  126058ms] [ERROR] Failed to load resource: net::ERR_CONNECTION_REFUSED @ http://localhost:45065/app/:0
[  127138ms] [ERROR] Failed to load resource: net::ERR_CONNECTION_REFUSED @ http://localhost:45065/app/:0
[  128144ms] [ERROR] Failed to load resource: net::ERR_CONNECTION_REFUSED @ http://localhost:45065/app/:0
[  129146ms] [ERROR] Failed to load resource: net::ERR_CONNECTION_REFUSED @ http://localhost:45065/app/:0
[  130151ms] [ERROR] Failed to load resource: net::ERR_CONNECTION_REFUSED @ http://localhost:45065/app/:0
[  131157ms] [ERROR] Failed to load resource: net::ERR_CONNECTION_REFUSED @ http://localhost:45065/app/:0
[  132173ms] [ERROR] Failed to load resource: net::ERR_CONNECTION_REFUSED @ http://localhost:45065/app/:0
[  133177ms] [ERROR] Failed to load resource: net::ERR_CONNECTION_REFUSED @ http://localhost:45065/app/:0
[  134179ms] [ERROR] Failed to load resource: net::ERR_CONNECTION_REFUSED @ http://localhost:45065/app/:0
[  135181ms] [ERROR] Failed to load resource: net::ERR_CONNECTION_REFUSED @ http://localhost:45065/app/:0
[  136184ms] [ERROR] Failed to load resource: net::ERR_CONNECTION_REFUSED @ http://localhost:45065/app/:0
[  137196ms] [ERROR] Failed to load resource: net::ERR_CONNECTION_REFUSED @ http://localhost:45065/app/:0
[  138201ms] [ERROR] Failed to load resource: net::ERR_CONNECTION_REFUSED @ http://localhost:45065/app/:0
[  139210ms] [ERROR] Failed to load resource: net::ERR_CONNECTION_REFUSED @ http://localhost:45065/app/:0
[  140225ms] [ERROR] Failed to load resource: net::ERR_CONNECTION_REFUSED @ http://localhost:45065/app/:0
[  141233ms] [ERROR] Failed to load resource: net::ERR_CONNECTION_REFUSED @ http://localhost:45065/app/:0
[  142240ms] [ERROR] Failed to load resource: net::ERR_CONNECTION_REFUSED @ http://localhost:45065/app/:0
[  143242ms] [ERROR] Failed to load resource: net::ERR_CONNECTION_REFUSED @ http://localhost:45065/app/:0
[  144246ms] [ERROR] Failed to load resource: net::ERR_CONNECTION_REFUSED @ http://localhost:45065/app/:0
[  145253ms] [ERROR] Failed to load resource: net::ERR_CONNECTION_REFUSED @ http://localhost:45065/app/:0
[  146256ms] [ERROR] Failed to load resource: net::ERR_CONNECTION_REFUSED @ http://localhost:45065/app/:0
[  147264ms] [ERROR] Failed to load resource: net::ERR_CONNECTION_REFUSED @ http://localhost:45065/app/:0
[  148270ms] [ERROR] Failed to load resource: net::ERR_CONNECTION_REFUSED @ http://localhost:45065/app/:0
[  149272ms] [ERROR] Failed to load resource: net::ERR_CONNECTION_REFUSED @ http://localhost:45065/app/:0
[  150286ms] [ERROR] Failed to load resource: net::ERR_CONNECTION_REFUSED @ http://localhost:45065/app/:0
[  151288ms] [ERROR] Failed to load resource: net::ERR_CONNECTION_REFUSED @ http://localhost:45065/app/:0
[  152292ms] [ERROR] Failed to load resource: net::ERR_CONNECTION_REFUSED @ http://localhost:45065/app/:0
[  153296ms] [ERROR] Failed to load resource: net::ERR_CONNECTION_REFUSED @ http://localhost:45065/app/:0
[  154322ms] [ERROR] Failed to load resource: net::ERR_CONNECTION_REFUSED @ http://localhost:45065/app/:0
[  155330ms] [ERROR] Failed to load resource: net::ERR_CONNECTION_REFUSED @ http://localhost:45065/app/:0
[  156332ms] [ERROR] Failed to load resource: net::ERR_CONNECTION_REFUSED @ http://localhost:45065/app/:0
[  157342ms] [ERROR] Failed to load resource: net::ERR_CONNECTION_REFUSED @ http://localhost:45065/app/:0
[  158355ms] [ERROR] Failed to load resource: net::ERR_CONNECTION_REFUSED @ http://localhost:45065/app/:0
[  159358ms] [ERROR] Failed to load resource: net::ERR_CONNECTION_REFUSED @ http://localhost:45065/app/:0
[  160360ms] [ERROR] Failed to load resource: net::ERR_CONNECTION_REFUSED @ http://localhost:45065/app/:0
[  161361ms] [ERROR] Failed to load resource: net::ERR_CONNECTION_REFUSED @ http://localhost:45065/app/:0
[  162369ms] [ERROR] Failed to load resource: net::ERR_CONNECTION_REFUSED @ http://localhost:45065/app/:0
[  163375ms] [ERROR] Failed to load resource: net::ERR_CONNECTION_REFUSED @ http://localhost:45065/app/:0
[  164377ms] [ERROR] Failed to load resource: net::ERR_CONNECTION_REFUSED @ http://localhost:45065/app/:0
[  165380ms] [ERROR] Failed to load resource: net::ERR_CONNECTION_REFUSED @ http://localhost:45065/app/:0
[  166386ms] [ERROR] Failed to load resource: net::ERR_CONNECTION_REFUSED @ http://localhost:45065/app/:0
[  167389ms] [ERROR] Failed to load resource: net::ERR_CONNECTION_REFUSED @ http://localhost:45065/app/:0
[  168391ms] [ERROR] Failed to load resource: net::ERR_CONNECTION_REFUSED @ http://localhost:45065/app/:0
[  169397ms] [ERROR] Failed to load resource: net::ERR_CONNECTION_REFUSED @ http://localhost:45065/app/:0
[  170400ms] [ERROR] Failed to load resource: net::ERR_CONNECTION_REFUSED @ http://localhost:45065/app/:0
[  171406ms] [ERROR] Failed to load resource: net::ERR_CONNECTION_REFUSED @ http://localhost:45065/app/:0
[  172409ms] [ERROR] Failed to load resource: net::ERR_CONNECTION_REFUSED @ http://localhost:45065/app/:0
[  173411ms] [ERROR] Failed to load resource: net::ERR_CONNECTION_REFUSED @ http://localhost:45065/app/:0
[  174413ms] [ERROR] Failed to load resource: net::ERR_CONNECTION_REFUSED @ http://localhost:45065/app/:0
[  175418ms] [ERROR] Failed to load resource: net::ERR_CONNECTION_REFUSED @ http://localhost:45065/app/:0
[  176420ms] [ERROR] Failed to load resource: net::ERR_CONNECTION_REFUSED @ http://localhost:45065/app/:0
[  177423ms] [ERROR] Failed to load resource: net::ERR_CONNECTION_REFUSED @ http://localhost:45065/app/:0
[  178435ms] [ERROR] Failed to load resource: net::ERR_CONNECTION_REFUSED @ http://localhost:45065/app/:0
[  179478ms] [ERROR] Failed to load resource: net::ERR_CONNECTION_REFUSED @ http://localhost:45065/app/:0
[  180484ms] [ERROR] Failed to load resource: net::ERR_CONNECTION_REFUSED @ http://localhost:45065/app/:0
[  181487ms] [ERROR] Failed to load resource: net::ERR_CONNECTION_REFUSED @ http://localhost:45065/app/:0
[  182505ms] [ERROR] Failed to load resource: net::ERR_CONNECTION_REFUSED @ http://localhost:45065/app/:0
[  183509ms] [ERROR] Failed to load resource: net::ERR_CONNECTION_REFUSED @ http://localhost:45065/app/:0
[  184511ms] [ERROR] Failed to load resource: net::ERR_CONNECTION_REFUSED @ http://localhost:45065/app/:0
[  185526ms] [ERROR] Failed to load resource: net::ERR_CONNECTION_REFUSED @ http://localhost:45065/app/:0
[  186534ms] [ERROR] Failed to load resource: net::ERR_CONNECTION_REFUSED @ http://localhost:45065/app/:0
[  187538ms] [ERROR] Failed to load resource: net::ERR_CONNECTION_REFUSED @ http://localhost:45065/app/:0
[  188559ms] [ERROR] Failed to load resource: net::ERR_CONNECTION_REFUSED @ http://localhost:45065/app/:0
[  189562ms] [ERROR] Failed to load resource: net::ERR_CONNECTION_REFUSED @ http://localhost:45065/app/:0
[  190565ms] [ERROR] Failed to load resource: net::ERR_CONNECTION_REFUSED @ http://localhost:45065/app/:0
[  191572ms] [ERROR] Failed to load resource: net::ERR_CONNECTION_REFUSED @ http://localhost:45065/app/:0
[  192576ms] [ERROR] Failed to load resource: net::ERR_CONNECTION_REFUSED @ http://localhost:45065/app/:0
[  193582ms] [ERROR] Failed to load resource: net::ERR_CONNECTION_REFUSED @ http://localhost:45065/app/:0
[  194588ms] [ERROR] Failed to load resource: net::ERR_CONNECTION_REFUSED @ http://localhost:45065/app/:0
[  195592ms] [ERROR] Failed to load resource: net::ERR_CONNECTION_REFUSED @ http://localhost:45065/app/:0
[  196595ms] [ERROR] Failed to load resource: net::ERR_CONNECTION_REFUSED @ http://localhost:45065/app/:0
[  197601ms] [ERROR] Failed to load resource: net::ERR_CONNECTION_REFUSED @ http://localhost:45065/app/:0
[  198605ms] [ERROR] Failed to load resource: net::ERR_CONNECTION_REFUSED @ http://localhost:45065/app/:0
[  199618ms] [ERROR] Failed to load resource: net::ERR_CONNECTION_REFUSED @ http://localhost:45065/app/:0
[  200622ms] [ERROR] Failed to load resource: net::ERR_CONNECTION_REFUSED @ http://localhost:45065/app/:0
[  201628ms] [ERROR] Failed to load resource: net::ERR_CONNECTION_REFUSED @ http://localhost:45065/app/:0
[  202632ms] [ERROR] Failed to load resource: net::ERR_CONNECTION_REFUSED @ http://localhost:45065/app/:0
[  203641ms] [ERROR] Failed to load resource: net::ERR_CONNECTION_REFUSED @ http://localhost:45065/app/:0
[  204643ms] [ERROR] Failed to load resource: net::ERR_CONNECTION_REFUSED @ http://localhost:45065/app/:0
[  205660ms] [ERROR] Failed to load resource: net::ERR_CONNECTION_REFUSED @ http://localhost:45065/app/:0
[  206665ms] [ERROR] Failed to load resource: net::ERR_CONNECTION_REFUSED @ http://localhost:45065/app/:0
[  207668ms] [ERROR] Failed to load resource: net::ERR_CONNECTION_REFUSED @ http://localhost:45065/app/:0
[  208670ms] [ERROR] Failed to load resource: net::ERR_CONNECTION_REFUSED @ http://localhost:45065/app/:0
[  209673ms] [ERROR] Failed to load resource: net::ERR_CONNECTION_REFUSED @ http://localhost:45065/app/:0
[  210675ms] [ERROR] Failed to load resource: net::ERR_CONNECTION_REFUSED @ http://localhost:45065/app/:0
[  211677ms] [ERROR] Failed to load resource: net::ERR_CONNECTION_REFUSED @ http://localhost:45065/app/:0
[  212680ms] [ERROR] Failed to load resource: net::ERR_CONNECTION_REFUSED @ http://localhost:45065/app/:0
[  213682ms] [ERROR] Failed to load resource: net::ERR_CONNECTION_REFUSED @ http://localhost:45065/app/:0
[  214685ms] [ERROR] Failed to load resource: net::ERR_CONNECTION_REFUSED @ http://localhost:45065/app/:0
[  215689ms] [ERROR] Failed to load resource: net::ERR_CONNECTION_REFUSED @ http://localhost:45065/app/:0
[  216692ms] [ERROR] Failed to load resource: net::ERR_CONNECTION_REFUSED @ http://localhost:45065/app/:0
[  217705ms] [ERROR] Failed to load resource: net::ERR_CONNECTION_REFUSED @ http://localhost:45065/app/:0
[  218707ms] [ERROR] Failed to load resource: net::ERR_CONNECTION_REFUSED @ http://localhost:45065/app/:0
[  219711ms] [ERROR] Failed to load resource: net::ERR_CONNECTION_REFUSED @ http://localhost:45065/app/:0
[  220714ms] [ERROR] Failed to load resource: net::ERR_CONNECTION_REFUSED @ http://localhost:45065/app/:0
[  221720ms] [ERROR] Failed to load resource: net::ERR_CONNECTION_REFUSED @ http://localhost:45065/app/:0
[  222729ms] [ERROR] Failed to load resource: net::ERR_CONNECTION_REFUSED @ http://localhost:45065/app/:0
[  223743ms] [ERROR] Failed to load resource: net::ERR_CONNECTION_REFUSED @ http://localhost:45065/app/:0
[  224746ms] [ERROR] Failed to load resource: net::ERR_CONNECTION_REFUSED @ http://localhost:45065/app/:0
[  225752ms] [ERROR] Failed to load resource: net::ERR_CONNECTION_REFUSED @ http://localhost:45065/app/:0
[  226754ms] [ERROR] Failed to load resource: net::ERR_CONNECTION_REFUSED @ http://localhost:45065/app/:0
[  227759ms] [ERROR] Failed to load resource: net::ERR_CONNECTION_REFUSED @ http://localhost:45065/app/:0
[  228769ms] [ERROR] Failed to load resource: net::ERR_CONNECTION_REFUSED @ http://localhost:45065/app/:0
[  229772ms] [ERROR] Failed to load resource: net::ERR_CONNECTION_REFUSED @ http://localhost:45065/app/:0
[  230777ms] [ERROR] Failed to load resource: net::ERR_CONNECTION_REFUSED @ http://localhost:45065/app/:0
[  231787ms] [ERROR] Failed to load resource: net::ERR_CONNECTION_REFUSED @ http://localhost:45065/app/:0
[  232847ms] [ERROR] Failed to load resource: net::ERR_CONNECTION_REFUSED @ http://localhost:45065/app/:0
[  233851ms] [ERROR] Failed to load resource: net::ERR_CONNECTION_REFUSED @ http://localhost:45065/app/:0
[  234861ms] [ERROR] Failed to load resource: net::ERR_CONNECTION_REFUSED @ http://localhost:45065/app/:0
[  235885ms] [ERROR] Failed to load resource: net::ERR_CONNECTION_REFUSED @ http://localhost:45065/app/:0
[  236890ms] [ERROR] Failed to load resource: net::ERR_CONNECTION_REFUSED @ http://localhost:45065/app/:0
[  237898ms] [ERROR] Failed to load resource: net::ERR_CONNECTION_REFUSED @ http://localhost:45065/app/:0
[  238904ms] [ERROR] Failed to load resource: net::ERR_CONNECTION_REFUSED @ http://localhost:45065/app/:0
[  239907ms] [ERROR] Failed to load resource: net::ERR_CONNECTION_REFUSED @ http://localhost:45065/app/:0
[  240914ms] [ERROR] Failed to load resource: net::ERR_CONNECTION_REFUSED @ http://localhost:45065/app/:0
[  241919ms] [ERROR] Failed to load resource: net::ERR_CONNECTION_REFUSED @ http://localhost:45065/app/:0
[  242921ms] [ERROR] Failed to load resource: net::ERR_CONNECTION_REFUSED @ http://localhost:45065/app/:0
[  243924ms] [ERROR] Failed to load resource: net::ERR_CONNECTION_REFUSED @ http://localhost:45065/app/:0
[  244926ms] [ERROR] Failed to load resource: net::ERR_CONNECTION_REFUSED @ http://localhost:45065/app/:0
[  245930ms] [ERROR] Failed to load resource: net::ERR_CONNECTION_REFUSED @ http://localhost:45065/app/:0
[  246935ms] [ERROR] Failed to load resource: net::ERR_CONNECTION_REFUSED @ http://localhost:45065/app/:0
[  247939ms] [ERROR] Failed to load resource: net::ERR_CONNECTION_REFUSED @ http://localhost:45065/app/:0
[  248941ms] [ERROR] Failed to load resource: net::ERR_CONNECTION_REFUSED @ http://localhost:45065/app/:0
[  249943ms] [ERROR] Failed to load resource: net::ERR_CONNECTION_REFUSED @ http://localhost:45065/app/:0
[  250945ms] [ERROR] Failed to load resource: net::ERR_CONNECTION_REFUSED @ http://localhost:45065/app/:0
[  251953ms] [ERROR] Failed to load resource: net::ERR_CONNECTION_REFUSED @ http://localhost:45065/app/:0
[  252964ms] [ERROR] Failed to load resource: net::ERR_CONNECTION_REFUSED @ http://localhost:45065/app/:0
[  253994ms] [ERROR] Failed to load resource: net::ERR_CONNECTION_REFUSED @ http://localhost:45065/app/:0
[  255002ms] [ERROR] Failed to load resource: net::ERR_CONNECTION_REFUSED @ http://localhost:45065/app/:0
[  256013ms] [ERROR] Failed to load resource: net::ERR_CONNECTION_REFUSED @ http://localhost:45065/app/:0
[  257017ms] [ERROR] Failed to load resource: net::ERR_CONNECTION_REFUSED @ http://localhost:45065/app/:0
[  258022ms] [ERROR] Failed to load resource: net::ERR_CONNECTION_REFUSED @ http://localhost:45065/app/:0
[  259027ms] [ERROR] Failed to load resource: net::ERR_CONNECTION_REFUSED @ http://localhost:45065/app/:0
[  260032ms] [ERROR] Failed to load resource: net::ERR_CONNECTION_REFUSED @ http://localhost:45065/app/:0
[  261036ms] [ERROR] Failed to load resource: net::ERR_CONNECTION_REFUSED @ http://localhost:45065/app/:0
[  262043ms] [ERROR] Failed to load resource: net::ERR_CONNECTION_REFUSED @ http://localhost:45065/app/:0
[  263047ms] [ERROR] Failed to load resource: net::ERR_CONNECTION_REFUSED @ http://localhost:45065/app/:0
[  264051ms] [ERROR] Failed to load resource: net::ERR_CONNECTION_REFUSED @ http://localhost:45065/app/:0
[  265063ms] [ERROR] Failed to load resource: net::ERR_CONNECTION_REFUSED @ http://localhost:45065/app/:0
[  266081ms] [ERROR] Failed to load resource: net::ERR_CONNECTION_REFUSED @ http://localhost:45065/app/:0
[  267087ms] [ERROR] Failed to load resource: net::ERR_CONNECTION_REFUSED @ http://localhost:45065/app/:0
[  268090ms] [ERROR] Failed to load resource: net::ERR_CONNECTION_REFUSED @ http://localhost:45065/app/:0
[  269098ms] [ERROR] Failed to load resource: net::ERR_CONNECTION_REFUSED @ http://localhost:45065/app/:0
[  270101ms] [ERROR] Failed to load resource: net::ERR_CONNECTION_REFUSED @ http://localhost:45065/app/:0
[  271106ms] [ERROR] Failed to load resource: net::ERR_CONNECTION_REFUSED @ http://localhost:45065/app/:0
[  272111ms] [ERROR] Failed to load resource: net::ERR_CONNECTION_REFUSED @ http://localhost:45065/app/:0
[  273116ms] [ERROR] Failed to load resource: net::ERR_CONNECTION_REFUSED @ http://localhost:45065/app/:0
[  274127ms] [ERROR] Failed to load resource: net::ERR_CONNECTION_REFUSED @ http://localhost:45065/app/:0
[  275134ms] [ERROR] Failed to load resource: net::ERR_CONNECTION_REFUSED @ http://localhost:45065/app/:0
[  276139ms] [ERROR] Failed to load resource: net::ERR_CONNECTION_REFUSED @ http://localhost:45065/app/:0
[  277153ms] [ERROR] Failed to load resource: net::ERR_CONNECTION_REFUSED @ http://localhost:45065/app/:0
[  278159ms] [ERROR] Failed to load resource: net::ERR_CONNECTION_REFUSED @ http://localhost:45065/app/:0
[  279164ms] [ERROR] Failed to load resource: net::ERR_CONNECTION_REFUSED @ http://localhost:45065/app/:0
[  280169ms] [ERROR] Failed to load resource: net::ERR_CONNECTION_REFUSED @ http://localhost:45065/app/:0
[  281172ms] [ERROR] Failed to load resource: net::ERR_CONNECTION_REFUSED @ http://localhost:45065/app/:0
[  282177ms] [ERROR] Failed to load resource: net::ERR_CONNECTION_REFUSED @ http://localhost:45065/app/:0
[  283179ms] [ERROR] Failed to load resource: net::ERR_CONNECTION_REFUSED @ http://localhost:45065/app/:0
[  284185ms] [ERROR] Failed to load resource: net::ERR_CONNECTION_REFUSED @ http://localhost:45065/app/:0
[  285206ms] [ERROR] Failed to load resource: net::ERR_CONNECTION_REFUSED @ http://localhost:45065/app/:0
[  286213ms] [ERROR] Failed to load resource: net::ERR_CONNECTION_REFUSED @ http://localhost:45065/app/:0
[  287216ms] [ERROR] Failed to load resource: net::ERR_CONNECTION_REFUSED @ http://localhost:45065/app/:0
[  288219ms] [ERROR] Failed to load resource: net::ERR_CONNECTION_REFUSED @ http://localhost:45065/app/:0
[  289221ms] [ERROR] Failed to load resource: net::ERR_CONNECTION_REFUSED @ http://localhost:45065/app/:0
[  290223ms] [ERROR] Failed to load resource: net::ERR_CONNECTION_REFUSED @ http://localhost:45065/app/:0
[  291228ms] [ERROR] Failed to load resource: net::ERR_CONNECTION_REFUSED @ http://localhost:45065/app/:0
[  292229ms] [ERROR] Failed to load resource: net::ERR_CONNECTION_REFUSED @ http://localhost:45065/app/:0
[  293242ms] [ERROR] Failed to load resource: net::ERR_CONNECTION_REFUSED @ http://localhost:45065/app/:0
[  294246ms] [ERROR] Failed to load resource: net::ERR_CONNECTION_REFUSED @ http://localhost:45065/app/:0
[  295250ms] [ERROR] Failed to load resource: net::ERR_CONNECTION_REFUSED @ http://localhost:45065/app/:0
[  296262ms] [ERROR] Failed to load resource: net::ERR_CONNECTION_REFUSED @ http://localhost:45065/app/:0
[  297267ms] [ERROR] Failed to load resource: net::ERR_CONNECTION_REFUSED @ http://localhost:45065/app/:0
[  298269ms] [ERROR] Failed to load resource: net::ERR_CONNECTION_REFUSED @ http://localhost:45065/app/:0
[  299279ms] [ERROR] Failed to load resource: net::ERR_CONNECTION_REFUSED @ http://localhost:45065/app/:0
[  300286ms] [ERROR] Failed to load resource: net::ERR_CONNECTION_REFUSED @ http://localhost:45065/app/:0
[  301292ms] [ERROR] Failed to load resource: net::ERR_CONNECTION_REFUSED @ http://localhost:45065/app/:0
[  302297ms] [ERROR] Failed to load resource: net::ERR_CONNECTION_REFUSED @ http://localhost:45065/app/:0
[  303301ms] [ERROR] Failed to load resource: net::ERR_CONNECTION_REFUSED @ http://localhost:45065/app/:0
[  304308ms] [ERROR] Failed to load resource: net::ERR_CONNECTION_REFUSED @ http://localhost:45065/app/:0
[  305326ms] [ERROR] Failed to load resource: net::ERR_CONNECTION_REFUSED @ http://localhost:45065/app/:0
[  306329ms] [ERROR] Failed to load resource: net::ERR_CONNECTION_REFUSED @ http://localhost:45065/app/:0
[  307331ms] [ERROR] Failed to load resource: net::ERR_CONNECTION_REFUSED @ http://localhost:45065/app/:0
[  308334ms] [ERROR] Failed to load resource: net::ERR_CONNECTION_REFUSED @ http://localhost:45065/app/:0
[  309335ms] [ERROR] Failed to load resource: net::ERR_CONNECTION_REFUSED @ http://localhost:45065/app/:0
[  310337ms] [ERROR] Failed to load resource: net::ERR_CONNECTION_REFUSED @ http://localhost:45065/app/:0
[  311350ms] [ERROR] Failed to load resource: net::ERR_CONNECTION_REFUSED @ http://localhost:45065/app/:0
[  312353ms] [ERROR] Failed to load resource: net::ERR_CONNECTION_REFUSED @ http://localhost:45065/app/:0
[  313354ms] [ERROR] Failed to load resource: net::ERR_CONNECTION_REFUSED @ http://localhost:45065/app/:0
[  314358ms] [ERROR] Failed to load resource: net::ERR_CONNECTION_REFUSED @ http://localhost:45065/app/:0
[  315366ms] [ERROR] Failed to load resource: net::ERR_CONNECTION_REFUSED @ http://localhost:45065/app/:0
[  316411ms] [ERROR] Failed to load resource: net::ERR_CONNECTION_REFUSED @ http://localhost:45065/app/:0
[  317420ms] [ERROR] Failed to load resource: net::ERR_CONNECTION_REFUSED @ http://localhost:45065/app/:0
[  318424ms] [ERROR] Failed to load resource: net::ERR_CONNECTION_REFUSED @ http://localhost:45065/app/:0
[  319429ms] [ERROR] Failed to load resource: net::ERR_CONNECTION_REFUSED @ http://localhost:45065/app/:0
[  320436ms] [ERROR] Failed to load resource: net::ERR_CONNECTION_REFUSED @ http://localhost:45065/app/:0
[  321463ms] [ERROR] Failed to load resource: net::ERR_CONNECTION_REFUSED @ http://localhost:45065/app/:0
[  322467ms] [ERROR] Failed to load resource: net::ERR_CONNECTION_REFUSED @ http://localhost:45065/app/:0
[  323470ms] [ERROR] Failed to load resource: net::ERR_CONNECTION_REFUSED @ http://localhost:45065/app/:0
[  324476ms] [ERROR] Failed to load resource: net::ERR_CONNECTION_REFUSED @ http://localhost:45065/app/:0
[  325478ms] [ERROR] Failed to load resource: net::ERR_CONNECTION_REFUSED @ http://localhost:45065/app/:0
[  326481ms] [ERROR] Failed to load resource: net::ERR_CONNECTION_REFUSED @ http://localhost:45065/app/:0
[  327482ms] [ERROR] Failed to load resource: net::ERR_CONNECTION_REFUSED @ http://localhost:45065/app/:0
[  328485ms] [ERROR] Failed to load resource: net::ERR_CONNECTION_REFUSED @ http://localhost:45065/app/:0
[  329489ms] [ERROR] Failed to load resource: net::ERR_CONNECTION_REFUSED @ http://localhost:45065/app/:0
[  330492ms] [ERROR] Failed to load resource: net::ERR_CONNECTION_REFUSED @ http://localhost:45065/app/:0
[  331495ms] [ERROR] Failed to load resource: net::ERR_CONNECTION_REFUSED @ http://localhost:45065/app/:0
[  332500ms] [ERROR] Failed to load resource: net::ERR_CONNECTION_REFUSED @ http://localhost:45065/app/:0
[  333502ms] [ERROR] Failed to load resource: net::ERR_CONNECTION_REFUSED @ http://localhost:45065/app/:0
[  334503ms] [ERROR] Failed to load resource: net::ERR_CONNECTION_REFUSED @ http://localhost:45065/app/:0
[  335505ms] [ERROR] Failed to load resource: net::ERR_CONNECTION_REFUSED @ http://localhost:45065/app/:0
[  336506ms] [ERROR] Failed to load resource: net::ERR_CONNECTION_REFUSED @ http://localhost:45065/app/:0
[  337509ms] [ERROR] Failed to load resource: net::ERR_CONNECTION_REFUSED @ http://localhost:45065/app/:0
[  338517ms] [ERROR] Failed to load resource: net::ERR_CONNECTION_REFUSED @ http://localhost:45065/app/:0
[  339520ms] [ERROR] Failed to load resource: net::ERR_CONNECTION_REFUSED @ http://localhost:45065/app/:0
[  340522ms] [ERROR] Failed to load resource: net::ERR_CONNECTION_REFUSED @ http://localhost:45065/app/:0
[  341526ms] [ERROR] Failed to load resource: net::ERR_CONNECTION_REFUSED @ http://localhost:45065/app/:0
[  342533ms] [ERROR] Failed to load resource: net::ERR_CONNECTION_REFUSED @ http://localhost:45065/app/:0
[  343535ms] [ERROR] Failed to load resource: net::ERR_CONNECTION_REFUSED @ http://localhost:45065/app/:0
[  344539ms] [ERROR] Failed to load resource: net::ERR_CONNECTION_REFUSED @ http://localhost:45065/app/:0
[  345541ms] [ERROR] Failed to load resource: net::ERR_CONNECTION_REFUSED @ http://localhost:45065/app/:0
[  346543ms] [ERROR] Failed to load resource: net::ERR_CONNECTION_REFUSED @ http://localhost:45065/app/:0
[  347548ms] [ERROR] Failed to load resource: net::ERR_CONNECTION_REFUSED @ http://localhost:45065/app/:0
[  348621ms] [ERROR] Failed to load resource: net::ERR_CONNECTION_REFUSED @ http://localhost:45065/app/:0
[  349631ms] [ERROR] Failed to load resource: net::ERR_CONNECTION_REFUSED @ http://localhost:45065/app/:0
[  350679ms] [ERROR] Failed to load resource: net::ERR_CONNECTION_REFUSED @ http://localhost:45065/app/:0
[  351684ms] [ERROR] Failed to load resource: net::ERR_CONNECTION_REFUSED @ http://localhost:45065/app/:0
[  352688ms] [ERROR] Failed to load resource: net::ERR_CONNECTION_REFUSED @ http://localhost:45065/app/:0
[  353694ms] [ERROR] Failed to load resource: net::ERR_CONNECTION_REFUSED @ http://localhost:45065/app/:0
[  354696ms] [ERROR] Failed to load resource: net::ERR_CONNECTION_REFUSED @ http://localhost:45065/app/:0
[  355701ms] [ERROR] Failed to load resource: net::ERR_CONNECTION_REFUSED @ http://localhost:45065/app/:0
[  356739ms] [ERROR] Failed to load resource: net::ERR_CONNECTION_REFUSED @ http://localhost:45065/app/:0
[  357742ms] [ERROR] Failed to load resource: net::ERR_CONNECTION_REFUSED @ http://localhost:45065/app/:0
[  358744ms] [ERROR] Failed to load resource: net::ERR_CONNECTION_REFUSED @ http://localhost:45065/app/:0
[  359750ms] [ERROR] Failed to load resource: net::ERR_CONNECTION_REFUSED @ http://localhost:45065/app/:0
[  360755ms] [ERROR] Failed to load resource: net::ERR_CONNECTION_REFUSED @ http://localhost:45065/app/:0
[  361759ms] [ERROR] Failed to load resource: net::ERR_CONNECTION_REFUSED @ http://localhost:45065/app/:0
[  362761ms] [ERROR] Failed to load resource: net::ERR_CONNECTION_REFUSED @ http://localhost:45065/app/:0
[  363763ms] [ERROR] Failed to load resource: net::ERR_CONNECTION_REFUSED @ http://localhost:45065/app/:0
[  364770ms] [ERROR] Failed to load resource: net::ERR_CONNECTION_REFUSED @ http://localhost:45065/app/:0
[  365772ms] [ERROR] Failed to load resource: net::ERR_CONNECTION_REFUSED @ http://localhost:45065/app/:0
[  366773ms] [ERROR] Failed to load resource: net::ERR_CONNECTION_REFUSED @ http://localhost:45065/app/:0
[  367775ms] [ERROR] Failed to load resource: net::ERR_CONNECTION_REFUSED @ http://localhost:45065/app/:0
[  368796ms] [ERROR] Failed to load resource: net::ERR_CONNECTION_REFUSED @ http://localhost:45065/app/:0
[  369805ms] [ERROR] Failed to load resource: net::ERR_CONNECTION_REFUSED @ http://localhost:45065/app/:0
[  370809ms] [ERROR] Failed to load resource: net::ERR_CONNECTION_REFUSED @ http://localhost:45065/app/:0
[  371811ms] [ERROR] Failed to load resource: net::ERR_CONNECTION_REFUSED @ http://localhost:45065/app/:0
[  372814ms] [ERROR] Failed to load resource: net::ERR_CONNECTION_REFUSED @ http://localhost:45065/app/:0
[  373820ms] [ERROR] Failed to load resource: net::ERR_CONNECTION_REFUSED @ http://localhost:45065/app/:0
[  374822ms] [ERROR] Failed to load resource: net::ERR_CONNECTION_REFUSED @ http://localhost:45065/app/:0
[  375824ms] [ERROR] Failed to load resource: net::ERR_CONNECTION_REFUSED @ http://localhost:45065/app/:0
[  376829ms] [ERROR] Failed to load resource: net::ERR_CONNECTION_REFUSED @ http://localhost:45065/app/:0
[  377832ms] [ERROR] Failed to load resource: net::ERR_CONNECTION_REFUSED @ http://localhost:45065/app/:0
[  378835ms] [ERROR] Failed to load resource: net::ERR_CONNECTION_REFUSED @ http://localhost:45065/app/:0
[  379840ms] [ERROR] Failed to load resource: net::ERR_CONNECTION_REFUSED @ http://localhost:45065/app/:0
[  380843ms] [ERROR] Failed to load resource: net::ERR_CONNECTION_REFUSED @ http://localhost:45065/app/:0
[  381846ms] [ERROR] Failed to load resource: net::ERR_CONNECTION_REFUSED @ http://localhost:45065/app/:0
[  382858ms] [ERROR] Failed to load resource: net::ERR_CONNECTION_REFUSED @ http://localhost:45065/app/:0
[  383873ms] [ERROR] Failed to load resource: net::ERR_CONNECTION_REFUSED @ http://localhost:45065/app/:0
[  384894ms] [ERROR] Failed to load resource: net::ERR_CONNECTION_REFUSED @ http://localhost:45065/app/:0
[  385973ms] [ERROR] Failed to load resource: net::ERR_CONNECTION_REFUSED @ http://localhost:45065/app/:0
[  387034ms] [ERROR] Failed to load resource: net::ERR_CONNECTION_REFUSED @ http://localhost:45065/app/:0
[  388036ms] [ERROR] Failed to load resource: net::ERR_CONNECTION_REFUSED @ http://localhost:45065/app/:0
[  389041ms] [ERROR] Failed to load resource: net::ERR_CONNECTION_REFUSED @ http://localhost:45065/app/:0
[  390137ms] [ERROR] Failed to load resource: net::ERR_CONNECTION_REFUSED @ http://localhost:45065/app/:0
[  391150ms] [ERROR] Failed to load resource: net::ERR_CONNECTION_REFUSED @ http://localhost:45065/app/:0
[  392154ms] [ERROR] Failed to load resource: net::ERR_CONNECTION_REFUSED @ http://localhost:45065/app/:0
[  393157ms] [ERROR] Failed to load resource: net::ERR_CONNECTION_REFUSED @ http://localhost:45065/app/:0
[  394160ms] [ERROR] Failed to load resource: net::ERR_CONNECTION_REFUSED @ http://localhost:45065/app/:0
[  395163ms] [ERROR] Failed to load resource: net::ERR_CONNECTION_REFUSED @ http://localhost:45065/app/:0
[  396169ms] [ERROR] Failed to load resource: net::ERR_CONNECTION_REFUSED @ http://localhost:45065/app/:0
[  397182ms] [ERROR] Failed to load resource: net::ERR_CONNECTION_REFUSED @ http://localhost:45065/app/:0
[  398472ms] [ERROR] Failed to load resource: net::ERR_CONNECTION_REFUSED @ http://localhost:45065/app/:0
[  399474ms] [ERROR] Failed to load resource: net::ERR_CONNECTION_REFUSED @ http://localhost:45065/app/:0
